  os_dbg_r.c
f:\c++\vs 项目\ucosii\ucosii\ucosii\port\os_dbg_r.c(24): fatal error C1083: 无法打开包括文件: “ucos_ii.h”: No such file or directory
  os_dbg.c
f:\c++\vs 项目\ucosii\ucosii\ucosii\port\os_dbg.c(25): fatal error C1083: 无法打开包括文件: “ucos_ii.h”: No such file or directory
  os_cpu_c.c
f:\c++\vs 项目\ucosii\ucosii\ucosii\port\os_cpu_c.c(27): fatal error C1083: 无法打开包括文件: “includes.h”: No such file or directory
  ucos_ii.c
f:\c++\vs 项目\ucosii\ucosii\ucosii\core\ucos_ii.c(24): fatal error C1083: 无法打开包括文件: “ucos_ii.h”: No such file or directory
  os_tmr.c
f:\c++\vs 项目\ucosii\ucosii\ucosii\core\ucos_ii.h(43): fatal error C1083: 无法打开包括文件: “includes.h”: No such file or directory
  os_time.c
f:\c++\vs 项目\ucosii\ucosii\ucosii\core\ucos_ii.h(43): fatal error C1083: 无法打开包括文件: “includes.h”: No such file or directory
  os_task.c
f:\c++\vs 项目\ucosii\ucosii\ucosii\core\ucos_ii.h(43): fatal error C1083: 无法打开包括文件: “includes.h”: No such file or directory
  os_sem.c
f:\c++\vs 项目\ucosii\ucosii\ucosii\core\ucos_ii.h(43): fatal error C1083: 无法打开包括文件: “includes.h”: No such file or directory
  os_q.c
f:\c++\vs 项目\ucosii\ucosii\ucosii\core\ucos_ii.h(43): fatal error C1083: 无法打开包括文件: “includes.h”: No such file or directory
  os_mutex.c
f:\c++\vs 项目\ucosii\ucosii\ucosii\core\ucos_ii.h(43): fatal error C1083: 无法打开包括文件: “includes.h”: No such file or directory
  os_mem.c
f:\c++\vs 项目\ucosii\ucosii\ucosii\core\os_mem.c(25): fatal error C1083: 无法打开包括文件: “includes.h”: No such file or directory
  os_mbox.c
f:\c++\vs 项目\ucosii\ucosii\ucosii\core\ucos_ii.h(43): fatal error C1083: 无法打开包括文件: “includes.h”: No such file or directory
  os_flag.c
f:\c++\vs 项目\ucosii\ucosii\ucosii\core\ucos_ii.h(43): fatal error C1083: 无法打开包括文件: “includes.h”: No such file or directory
  os_core.c
f:\c++\vs 项目\ucosii\ucosii\ucosii\core\os_core.c(26): fatal error C1083: 无法打开包括文件: “includes.h”: No such file or directory
  正在生成代码...
